<?xml version="1.0" encoding="UTF-8"?>
<testng-results ignored="0" total="1" passed="1" failed="0" skipped="0">
  <reporter-output>
  </reporter-output>
  <suite started-at="2026-06-05T23:43:23 IST" name="Default suite" finished-at="2026-06-05T23:44:35 IST" duration-ms="72048">
    <groups>
    </groups>
    <test started-at="2026-06-05T23:43:23 IST" name="Default test" finished-at="2026-06-05T23:44:35 IST" duration-ms="72048">
      <class name="com.TestProduct.Testcases.RevisitPID">
        <test-method is-config="true" signature="setup()[pri:0, instance:com.TestProduct.Testcases.RevisitPID@37f1104d]" started-at="2026-06-05T23:43:23 IST" name="setup" finished-at="2026-06-05T23:43:26 IST" duration-ms="2469" status="PASS">
          <reporter-output>
          </reporter-output>
        </test-method> <!-- setup -->
        <test-method signature="pid()[pri:0, instance:com.TestProduct.Testcases.RevisitPID@37f1104d]" started-at="2026-06-05T23:43:26 IST" name="pid" finished-at="2026-06-05T23:44:34 IST" duration-ms="68035" status="PASS">
          <reporter-output>
          </reporter-output>
        </test-method> <!-- pid -->
        <test-method is-config="true" signature="teardown()[pri:0, instance:com.TestProduct.Testcases.RevisitPID@37f1104d]" started-at="2026-06-05T23:44:34 IST" name="teardown" finished-at="2026-06-05T23:44:35 IST" duration-ms="1475" status="PASS">
          <reporter-output>
          </reporter-output>
        </test-method> <!-- teardown -->
      </class> <!-- com.TestProduct.Testcases.RevisitPID -->
    </test> <!-- Default test -->
  </suite> <!-- Default suite -->
</testng-results>
