<?xml version="1.0" encoding="UTF-8"?>
<!-- Generated by org.testng.reporters.JUnitReportReporter -->
<testsuite hostname="AbiseikC-LAP" failures="0" tests="2" name="com.TestProduct.Testcases.TC_NotGiven_005" time="187.349" errors="0" timestamp="2026-06-04T16:38:07 IST" skipped="1">
  <testcase classname="com.TestProduct.Testcases.TC_NotGiven_005" name="Notgiven" time="73.602">
    <skipped/>
  </testcase> <!-- Notgiven -->
  <testcase classname="com.TestProduct.Testcases.TC_NotGiven_005" name="Notgiven" time="113.747"/>
</testsuite> <!-- com.TestProduct.Testcases.TC_NotGiven_005 -->
